<?xml version="1.0" encoding="UTF-8"?>
<testng-results ignored="0" total="1" passed="1" failed="0" skipped="0">
  <reporter-output>
  </reporter-output>
  <suite started-at="2022-10-09T20:31:00 IST" name="Default suite" finished-at="2022-10-09T20:31:04 IST" duration-ms="4573">
    <groups>
    </groups>
    <test started-at="2022-10-09T20:31:00 IST" name="Default test" finished-at="2022-10-09T20:31:04 IST" duration-ms="4573">
      <class name="webautomation.ExtentReports.ExtentReportDemo">
        <test-method is-config="true" signature="config()[pri:0, instance:webautomation.ExtentReports.ExtentReportDemo@1a6d8329]" started-at="2022-10-09T20:31:00 IST" name="config" finished-at="2022-10-09T20:31:00 IST" duration-ms="228" status="PASS">
          <reporter-output>
          </reporter-output>
        </test-method> <!-- config -->
        <test-method signature="initalDemo()[pri:0, instance:webautomation.ExtentReports.ExtentReportDemo@1a6d8329]" started-at="2022-10-09T20:31:00 IST" name="initalDemo" finished-at="2022-10-09T20:31:04 IST" duration-ms="4303" status="PASS">
          <reporter-output>
          </reporter-output>
        </test-method> <!-- initalDemo -->
      </class> <!-- webautomation.ExtentReports.ExtentReportDemo -->
    </test> <!-- Default test -->
  </suite> <!-- Default suite -->
</testng-results>
